<?xml version="1.0" encoding="UTF-8"?>
<!-- Generated by org.testng.reporters.JUnitReportReporter -->
<testsuite hostname="DESKTOP-TK74BCL" failures="0" tests="2" name="PracticeProblemsSelenium.StandaloneTest" time="13.940" errors="0" timestamp="2025-04-14T19:43:32 IST" skipped="0">
  <testcase classname="PracticeProblemsSelenium.StandaloneTest" name="positiveE2EOrderCreation" time="6.909"/>
  <testcase classname="PracticeProblemsSelenium.StandaloneTest" name="positiveE2EOrderCreation" time="7.031"/>
</testsuite> <!-- PracticeProblemsSelenium.StandaloneTest -->
