<?xml version="1.0" encoding="UTF-8"?>
<!-- Generated by org.testng.reporters.JUnitReportReporter -->
<testsuite hostname="DESKTOP-TK74BCL" failures="0" tests="3" name="PracticeProblemsSelenium.PracticeSelenium" time="3.918" errors="0" timestamp="2025-03-30T13:39:34 IST" skipped="0">
  <testcase classname="PracticeProblemsSelenium.PracticeSelenium" name="testDropdowns" time="0.411"/>
  <testcase classname="PracticeProblemsSelenium.PracticeSelenium" name="testCheckboxes" time="1.089"/>
  <testcase classname="PracticeProblemsSelenium.PracticeSelenium" name="testAlerts" time="2.418"/>
</testsuite> <!-- PracticeProblemsSelenium.PracticeSelenium -->
