<?xml version="1.0" encoding="UTF-8"?>
<!-- Generated by org.testng.reporters.JUnitReportReporter -->
<testsuite hostname="Pritam" failures="0" tests="1" name="PracticeProblemsSelenium.PracticeSelenium" time="3.662" errors="0" timestamp="2025-04-04T01:07:19 IST" skipped="0">
  <testcase classname="PracticeProblemsSelenium.PracticeSelenium" name="testActionClass" time="3.662"/>
</testsuite> <!-- PracticeProblemsSelenium.PracticeSelenium -->
