<?xml version="1.0" encoding="UTF-8"?>
<!-- Generated by org.testng.reporters.JUnitReportReporter -->
<testsuite hostname="Pritam" failures="0" tests="2" name="PracticeProblemsSelenium.StandaloneTest" time="17.209" errors="0" timestamp="2025-04-12T15:39:39 IST" skipped="0">
  <testcase classname="PracticeProblemsSelenium.StandaloneTest" name="positiveE2EOrderCreation" time="9.811"/>
  <testcase classname="PracticeProblemsSelenium.StandaloneTest" name="positiveE2EOrderCreation" time="7.398"/>
</testsuite> <!-- PracticeProblemsSelenium.StandaloneTest -->
