<?xml version="1.0" encoding="UTF-8"?>
<!-- Generated by org.testng.reporters.JUnitReportReporter -->
<testsuite hostname="Pritam" failures="0" tests="3" name="PracticeProblemsSelenium.PracticeSelenium" time="5.180" errors="0" timestamp="2025-03-30T16:26:35 IST" skipped="0">
  <testcase classname="PracticeProblemsSelenium.PracticeSelenium" name="testDropdowns" time="0.961"/>
  <testcase classname="PracticeProblemsSelenium.PracticeSelenium" name="testAlerts" time="3.254"/>
  <testcase classname="PracticeProblemsSelenium.PracticeSelenium" name="testCheckboxes" time="0.965"/>
</testsuite> <!-- PracticeProblemsSelenium.PracticeSelenium -->
