<?xml version="1.0" encoding="UTF-8"?>
<!-- Generated by org.testng.reporters.JUnitReportReporter -->
<testsuite hostname="Pritam" failures="0" tests="1" name="PracticeProblemsSelenium.PracticeSelenium" time="1.739" errors="0" timestamp="2025-04-07T00:40:48 IST" skipped="0">
  <testcase classname="PracticeProblemsSelenium.PracticeSelenium" name="testElementScreenshot" time="1.739"/>
</testsuite> <!-- PracticeProblemsSelenium.PracticeSelenium -->
