<?xml version="1.0" encoding="UTF-8"?>
<!-- Generated by org.testng.reporters.JUnitReportReporter -->
<testsuite hostname="DESKTOP-TK74BCL" failures="0" tests="1" name="PracticeProblemsSelenium.Dropdowns" time="2.878" errors="0" timestamp="2025-03-20T00:37:25 IST" skipped="0">
  <testcase classname="PracticeProblemsSelenium.Dropdowns" name="testDropdowns" time="2.878"/>
</testsuite> <!-- PracticeProblemsSelenium.Dropdowns -->
