<?xml version="1.0" encoding="UTF-8"?>
<!-- Generated by org.testng.reporters.JUnitReportReporter -->
<testsuite hostname="DESKTOP-TK74BCL" failures="0" tests="1" name="PracticeProblemsSelenium.PracticeSelenium" time="0.901" errors="0" timestamp="2025-04-06T15:32:20 IST" skipped="0">
  <testcase classname="PracticeProblemsSelenium.PracticeSelenium" name="testElementScreenshot" time="0.901"/>
</testsuite> <!-- PracticeProblemsSelenium.PracticeSelenium -->
