<?xml version="1.0" encoding="UTF-8"?>
<!-- Generated by org.testng.reporters.JUnitReportReporter -->
<testsuite hostname="DESKTOP-TK74BCL" failures="0" tests="1" name="PracticeProblemsSelenium.StandaloneTest" time="8.513" errors="0" timestamp="2025-04-10T19:17:49 IST" skipped="0">
  <testcase classname="PracticeProblemsSelenium.StandaloneTest" name="positiveE2EOrderCreation" time="8.513"/>
</testsuite> <!-- PracticeProblemsSelenium.StandaloneTest -->
