<?xml version="1.0" encoding="UTF-8"?>
<!-- Generated by org.testng.reporters.JUnitReportReporter -->
<testsuite hostname="DESKTOP-TK74BCL" failures="0" tests="2" name="PracticeProblemsSelenium.StandaloneTest" time="15.051" errors="0" timestamp="2025-04-12T00:45:13 IST" skipped="0">
  <testcase classname="PracticeProblemsSelenium.StandaloneTest" name="positiveE2EOrderCreation" time="7.137"/>
  <testcase classname="PracticeProblemsSelenium.StandaloneTest" name="positiveE2EOrderCreation" time="7.914"/>
</testsuite> <!-- PracticeProblemsSelenium.StandaloneTest -->
