<?xml version="1.0" encoding="UTF-8"?>
<!-- Generated by org.testng.reporters.JUnitReportReporter -->
<testsuite hostname="Pritam" failures="0" tests="2" name="PracticeProblemsSelenium.StandaloneTest" time="16.972" errors="0" timestamp="2025-04-12T01:32:23 IST" skipped="0">
  <testcase classname="PracticeProblemsSelenium.StandaloneTest" name="positiveE2EOrderCreation" time="8.559"/>
  <testcase classname="PracticeProblemsSelenium.StandaloneTest" name="positiveE2EOrderCreation" time="8.413"/>
</testsuite> <!-- PracticeProblemsSelenium.StandaloneTest -->
