<?xml version="1.0" encoding="UTF-8"?>
<!-- Generated by org.testng.reporters.JUnitReportReporter -->
<testsuite hostname="DESKTOP-TK74BCL" failures="0" tests="1" name="PracticeProblemsSelenium.NegativeScenarios" time="4.037" errors="0" timestamp="2025-04-10T19:17:49 IST" skipped="0">
  <testcase classname="PracticeProblemsSelenium.NegativeScenarios" name="validateErrorMessageIncorrectUsernamePassword" time="4.037"/>
</testsuite> <!-- PracticeProblemsSelenium.NegativeScenarios -->
