<?xml version="1.0" encoding="UTF-8"?>
<!-- Generated by org.testng.reporters.JUnitReportReporter -->
<testsuite hostname="Pritam" failures="0" tests="2" name="PracticeProblemsSelenium.StandaloneTest" time="19.149" errors="0" timestamp="2025-04-11T20:16:37 IST" skipped="0">
  <testcase classname="PracticeProblemsSelenium.StandaloneTest" name="positiveE2EOrderCreation" time="9.013"/>
  <testcase classname="PracticeProblemsSelenium.StandaloneTest" name="positiveE2EOrderCreation" time="10.136"/>
</testsuite> <!-- PracticeProblemsSelenium.StandaloneTest -->
