<?xml version="1.0" encoding="UTF-8"?>
<!-- Generated by org.testng.reporters.JUnitReportReporter -->
<testsuite hostname="DESKTOP-TK74BCL" failures="0" tests="2" name="PracticeProblemsSelenium.StandaloneTest" time="13.135" errors="0" timestamp="2025-04-14T19:43:04 IST" skipped="0">
  <testcase classname="PracticeProblemsSelenium.StandaloneTest" name="positiveE2EOrderCreation" time="7.292"/>
  <testcase classname="PracticeProblemsSelenium.StandaloneTest" name="positiveE2EOrderCreation" time="5.843"/>
</testsuite> <!-- PracticeProblemsSelenium.StandaloneTest -->
