<?xml version="1.0" encoding="UTF-8"?>
<!-- Generated by org.testng.reporters.JUnitReportReporter -->
<testsuite hostname="Pritam" failures="0" tests="1" name="PracticeProblemsSelenium.NegativeScenarios" time="5.359" errors="0" timestamp="2025-04-11T19:55:31 IST" skipped="0">
  <testcase classname="PracticeProblemsSelenium.NegativeScenarios" name="validateErrorMessageIncorrectUsernamePassword" time="5.359"/>
</testsuite> <!-- PracticeProblemsSelenium.NegativeScenarios -->
