<?xml version="1.0" encoding="UTF-8"?>
<!-- Generated by org.testng.reporters.JUnitReportReporter -->
<testsuite hostname="DESKTOP-TK74BCL" failures="0" tests="1" name="PracticeProblemsSelenium.PracticeSelenium" time="2.337" errors="0" timestamp="2025-04-04T23:55:46 IST" skipped="0">
  <testcase classname="PracticeProblemsSelenium.PracticeSelenium" name="testJavascriptexecutor" time="2.337"/>
</testsuite> <!-- PracticeProblemsSelenium.PracticeSelenium -->
